<?xml version="1.0" encoding="UTF-8"?>
<testsuite xmlns:xsi="http://www.w3.org/2001/XMLSchema-instance" xsi:noNamespaceSchemaLocation="https://maven.apache.org/surefire/maven-surefire-plugin/xsd/surefire-test-report-3.0.xsd" version="3.0" name="com.example.StudentAnalyzerTest" time="0.102" tests="8" errors="0" skipped="0" failures="0">
  <properties>
[...]
</properties>
  <testcase name="testCalculateValidAverage_emptyList" classname="com.example.StudentAnalyzerTest" time="0.053"/>
  <testcase name="testCalculateValidAverage" classname="com.example.StudentAnalyzerTest" time="0.002"/>
  <testcase name="testCountExcellentStudents_noExcellentStudents" classname="com.example.StudentAnalyzerTest" time="0.002"/>
  <testcase name="testCountExcellentStudents_nullList" classname="com.example.StudentAnalyzerTest" time="0.001"/>
  <testcase name="testCountExcellentStudents_emptyList" classname="com.example.StudentAnalyzerTest" time="0.001"/>
  <testcase name="testCalculateValidAverage_nullList" classname="com.example.StudentAnalyzerTest" time="0.003"/>
  <testcase name="testCalculateValidAverage_invalidGrade" classname="com.example.StudentAnalyzerTest" time="0.003"/>
  <testcase name="testCountExcellentStudents" classname="com.example.StudentAnalyzerTest" time="0.001"/>
</testsuite>